Last metadata expiration check: 1:11:43 ago on Sun 21 Dec 2025 02:52:15 PM IST.
Dependencies resolved.
================================================================================
 Package                      Arch    Version                     Repo     Size
================================================================================
Installing:
 kernel                       x86_64  5.14.0-611.13.1.el9_7       baseos  1.1 M
Upgrading:
 binutils                     x86_64  2.35.2-67.el9_7.1           baseos  4.5 M
 binutils-gold                x86_64  2.35.2-67.el9_7.1           baseos  734 k
 device-mapper                x86_64  9:1.02.206-2.el9_7.1        baseos  138 k
 device-mapper-event          x86_64  9:1.02.206-2.el9_7.1        baseos   33 k
 device-mapper-event-libs     x86_64  9:1.02.206-2.el9_7.1        baseos   31 k
 device-mapper-libs           x86_64  9:1.02.206-2.el9_7.1        baseos  179 k
 dracut                       x86_64  057-104.git20250919.el9_7   baseos  385 k
 dracut-config-rescue         x86_64  057-104.git20250919.el9_7   baseos   12 k
 dracut-network               x86_64  057-104.git20250919.el9_7   baseos   68 k
 dracut-squash                x86_64  057-104.git20250919.el9_7   baseos   12 k
 elfutils-debuginfod-client   x86_64  0.193-1.el9.rocky.0.1       baseos   43 k
 elfutils-default-yama-scope  noarch  0.193-1.el9.rocky.0.1       baseos  8.8 k
 elfutils-libelf              x86_64  0.193-1.el9.rocky.0.1       baseos  204 k
 elfutils-libs                x86_64  0.193-1.el9.rocky.0.1       baseos  267 k
 expat                        x86_64  2.5.0-5.el9_7.1             baseos  118 k
 iwl100-firmware              noarch  39.31.5.1-155.1.el9_7       baseos  200 k
 iwl1000-firmware             noarch  1:39.31.5.1-155.1.el9_7     baseos  200 k
 iwl105-firmware              noarch  18.168.6.1-155.1.el9_7      baseos  279 k
 iwl135-firmware              noarch  18.168.6.1-155.1.el9_7      baseos  288 k
 iwl2000-firmware             noarch  18.168.6.1-155.1.el9_7      baseos  281 k
 iwl2030-firmware             noarch  18.168.6.1-155.1.el9_7      baseos  290 k
 iwl3160-firmware             noarch  1:25.30.13.0-155.1.el9_7    baseos  557 k
 iwl5000-firmware             noarch  8.83.5.1_1-155.1.el9_7      baseos  198 k
 iwl5150-firmware             noarch  8.24.2.2-155.1.el9_7        baseos  197 k
 iwl6000g2a-firmware          noarch  18.168.6.1-155.1.el9_7      baseos  265 k
 iwl6050-firmware             noarch  41.28.5.1-155.1.el9_7       baseos  222 k
 iwl7260-firmware             noarch  1:25.30.13.0-155.1.el9_7    baseos   67 M
 kernel-tools                 x86_64  5.14.0-611.13.1.el9_7       baseos  1.4 M
 kernel-tools-libs            x86_64  5.14.0-611.13.1.el9_7       baseos  1.1 M
 libssh                       x86_64  0.10.4-17.el9_7             baseos  213 k
 libssh-config                noarch  0.10.4-17.el9_7             baseos  8.2 k
 libxml2                      x86_64  2.9.13-14.el9_7             baseos  746 k
 linux-firmware               noarch  20251111-155.1.el9_7        baseos  601 M
 linux-firmware-whence        noarch  20251111-155.1.el9_7        baseos  121 k
 lvm2                         x86_64  9:2.03.32-2.el9_7.1         baseos  1.5 M
 lvm2-libs                    x86_64  9:2.03.32-2.el9_7.1         baseos  1.0 M
 openssh                      x86_64  8.7p1-47.el9_7.rocky.0.1    baseos  453 k
 openssh-clients              x86_64  8.7p1-47.el9_7.rocky.0.1    baseos  707 k
 openssh-server               x86_64  8.7p1-47.el9_7.rocky.0.1    baseos  455 k
 python3                      x86_64  3.9.25-2.el9_7              baseos   26 k
 python3-libs                 x86_64  3.9.25-2.el9_7              baseos  7.5 M
 systemd                      x86_64  252-55.el9_7.7.rocky.0.1    baseos  4.0 M
 systemd-libs                 x86_64  252-55.el9_7.7.rocky.0.1    baseos  676 k
 systemd-pam                  x86_64  252-55.el9_7.7.rocky.0.1    baseos  283 k
 systemd-rpm-macros           noarch  252-55.el9_7.7.rocky.0.1    baseos   71 k
 systemd-udev                 x86_64  252-55.el9_7.7.rocky.0.1    baseos  1.9 M
 tzdata                       noarch  2025c-1.el9                 baseos  496 k
Installing dependencies:
 kernel-core                  x86_64  5.14.0-611.13.1.el9_7       baseos   17 M
 kernel-modules               x86_64  5.14.0-611.13.1.el9_7       baseos   39 M
 kernel-modules-core          x86_64  5.14.0-611.13.1.el9_7       baseos   31 M

Transaction Summary
================================================================================
Install   4 Packages
Upgrade  47 Packages

Total size: 789 M
Total download size: 601 M
Downloading Packages:
Waiting for process with pid 11044 to finish.
[SKIPPED] kernel-5.14.0-611.13.1.el9_7.x86_64.rpm: Already downloaded          
[SKIPPED] kernel-core-5.14.0-611.13.1.el9_7.x86_64.rpm: Already downloaded     
[SKIPPED] kernel-modules-5.14.0-611.13.1.el9_7.x86_64.rpm: Already downloaded  
[SKIPPED] kernel-modules-core-5.14.0-611.13.1.el9_7.x86_64.rpm: Already downloaded
[SKIPPED] binutils-2.35.2-67.el9_7.1.x86_64.rpm: Already downloaded            
[SKIPPED] binutils-gold-2.35.2-67.el9_7.1.x86_64.rpm: Already downloaded       
[SKIPPED] device-mapper-1.02.206-2.el9_7.1.x86_64.rpm: Already downloaded      
[SKIPPED] device-mapper-event-1.02.206-2.el9_7.1.x86_64.rpm: Already downloaded
[SKIPPED] device-mapper-event-libs-1.02.206-2.el9_7.1.x86_64.rpm: Already downloaded
[SKIPPED] device-mapper-libs-1.02.206-2.el9_7.1.x86_64.rpm: Already downloaded 
[SKIPPED] dracut-057-104.git20250919.el9_7.x86_64.rpm: Already downloaded      
[SKIPPED] dracut-config-rescue-057-104.git20250919.el9_7.x86_64.rpm: Already downloaded
[SKIPPED] dracut-network-057-104.git20250919.el9_7.x86_64.rpm: Already downloaded
[SKIPPED] dracut-squash-057-104.git20250919.el9_7.x86_64.rpm: Already downloaded
[SKIPPED] elfutils-debuginfod-client-0.193-1.el9.rocky.0.1.x86_64.rpm: Already downloaded
[SKIPPED] elfutils-default-yama-scope-0.193-1.el9.rocky.0.1.noarch.rpm: Already downloaded
[SKIPPED] elfutils-libelf-0.193-1.el9.rocky.0.1.x86_64.rpm: Already downloaded 
[SKIPPED] elfutils-libs-0.193-1.el9.rocky.0.1.x86_64.rpm: Already downloaded   
[SKIPPED] expat-2.5.0-5.el9_7.1.x86_64.rpm: Already downloaded                 
[SKIPPED] iwl100-firmware-39.31.5.1-155.1.el9_7.noarch.rpm: Already downloaded 
[SKIPPED] iwl1000-firmware-39.31.5.1-155.1.el9_7.noarch.rpm: Already downloaded
[SKIPPED] iwl105-firmware-18.168.6.1-155.1.el9_7.noarch.rpm: Already downloaded
[SKIPPED] iwl135-firmware-18.168.6.1-155.1.el9_7.noarch.rpm: Already downloaded
[SKIPPED] iwl2000-firmware-18.168.6.1-155.1.el9_7.noarch.rpm: Already downloaded
[SKIPPED] iwl2030-firmware-18.168.6.1-155.1.el9_7.noarch.rpm: Already downloaded
[SKIPPED] iwl3160-firmware-25.30.13.0-155.1.el9_7.noarch.rpm: Already downloaded
[SKIPPED] iwl5000-firmware-8.83.5.1_1-155.1.el9_7.noarch.rpm: Already downloaded
[SKIPPED] iwl5150-firmware-8.24.2.2-155.1.el9_7.noarch.rpm: Already downloaded 
[SKIPPED] iwl6000g2a-firmware-18.168.6.1-155.1.el9_7.noarch.rpm: Already downloaded
[SKIPPED] iwl6050-firmware-41.28.5.1-155.1.el9_7.noarch.rpm: Already downloaded
[SKIPPED] iwl7260-firmware-25.30.13.0-155.1.el9_7.noarch.rpm: Already downloaded
[SKIPPED] kernel-tools-5.14.0-611.13.1.el9_7.x86_64.rpm: Already downloaded    
[SKIPPED] kernel-tools-libs-5.14.0-611.13.1.el9_7.x86_64.rpm: Already downloaded
[SKIPPED] libssh-0.10.4-17.el9_7.x86_64.rpm: Already downloaded                
[SKIPPED] libssh-config-0.10.4-17.el9_7.noarch.rpm: Already downloaded         
[SKIPPED] libxml2-2.9.13-14.el9_7.x86_64.rpm: Already downloaded               
[SKIPPED] linux-firmware-whence-20251111-155.1.el9_7.noarch.rpm: Already downloaded
[SKIPPED] lvm2-2.03.32-2.el9_7.1.x86_64.rpm: Already downloaded                
[SKIPPED] lvm2-libs-2.03.32-2.el9_7.1.x86_64.rpm: Already downloaded           
[SKIPPED] openssh-8.7p1-47.el9_7.rocky.0.1.x86_64.rpm: Already downloaded      
[SKIPPED] openssh-clients-8.7p1-47.el9_7.rocky.0.1.x86_64.rpm: Already downloaded
[SKIPPED] openssh-server-8.7p1-47.el9_7.rocky.0.1.x86_64.rpm: Already downloaded
[SKIPPED] python3-3.9.25-2.el9_7.x86_64.rpm: Already downloaded                
[SKIPPED] python3-libs-3.9.25-2.el9_7.x86_64.rpm: Already downloaded           
[SKIPPED] systemd-252-55.el9_7.7.rocky.0.1.x86_64.rpm: Already downloaded      
[SKIPPED] systemd-libs-252-55.el9_7.7.rocky.0.1.x86_64.rpm: Already downloaded 
[SKIPPED] systemd-pam-252-55.el9_7.7.rocky.0.1.x86_64.rpm: Already downloaded  
[SKIPPED] systemd-rpm-macros-252-55.el9_7.7.rocky.0.1.noarch.rpm: Already downloaded
[SKIPPED] systemd-udev-252-55.el9_7.7.rocky.0.1.x86_64.rpm: Already downloaded 
[SKIPPED] tzdata-2025c-1.el9.noarch.rpm: Already downloaded                    

The downloaded packages were saved in cache until the next successful transaction.
You can remove cached packages by executing 'yum clean packages'.
Error: Error downloading packages:
  Interrupted by a SIGINT signal
